make all --print-data-base --no-builtin-variables --no-builtin-rules --question
# GNU Make 3.81
# Copyright (C) 2006  Free Software Foundation, Inc.
# This is free software; see the source for copying conditions.
# There is NO warranty; not even for MERCHANTABILITY or FITNESS FOR A
# PARTICULAR PURPOSE.

# This program built for i386-apple-darwin11.3.0
 

# Make data base, printed on Mon Aug 16 21:25:47 2021

# Variables

 
# automatic
<D = $(patsubst %/,%,$(dir $<))
# automatic
?F = $(notdir $?)
# environment
ELECTRON_NO_ATTACH_CONSOLE = 1
# environment
LC_CTYPE = UTF-8
# environment
VSCODE_LOG_NATIVE = false
# automatic
?D = $(patsubst %/,%,$(dir $?))
# environment
APPLITOOLS_API_KEY = hNyXG99CNJh4aDzzusjRiINUg1079uJys9EPGUj31AGio110
# automatic
@D = $(patsubst %/,%,$(dir $@))
# automatic
@F = $(notdir $@)
# makefile
CURDIR := /Users/plakhota/Documents/clang/openu/mmn14/assembler
# makefile
SHELL = /bin/sh
# environment
VSCODE_NLS_CONFIG = {"locale":"en-us","availableLanguages":{},"_languagePackSupport":true}
# environment
_ = /usr/bin/make
# makefile (from `makefile', line 1)
MAKEFILE_LIST :=  makefile
# makefile (from `makefile', line 4)
SOURCES = assembler.c dll.c dvec.c file.c parser.c ram.c sym_tab.c
# environment
VSCODE_VERBOSE_LOGGING = true
# environment
__CFBundleIdentifier = com.apple.Terminal
# environment
VSCODE_IPC_HOOK_EXTHOST = /var/folders/m4/ngb7rcsx49346lh0jfqy9f3r0000gn/T/vscode-ipc-c88f2c53-23a3-480f-bcb7-01dbac1fdbf6.sock
# environment
VSCODE_CWD = /Users/plakhota/Documents/clang/openu/mmn14/assembler
# environment
PATH = /Library/Frameworks/Python.framework/Versions/3.9/bin:/usr/local/bin:/usr/bin:/bin:/usr/sbin:/sbin:/Library/Apple/usr/bin
# makefile (from `makefile', line 3)
DEBUGCCFLAGS = -pedantic -Wall -g3 -O0
# environment
VSCODE_LOG_STACK = false
# environment
ELECTRON_RUN_AS_NODE = 1
# default
.FEATURES := target-specific order-only second-expansion else-if archives jobserver check-symlink
# environment
SSH_AUTH_SOCK = /private/tmp/com.apple.launchd.V8NaX8h7mP/Listeners
# automatic
%F = $(notdir $%)
# environment
VSCODE_PIPE_LOGGING = true
# environment
PWD = /Users/plakhota/Documents/clang/openu/mmn14/assembler
# environment
ORIGINAL_XDG_CURRENT_DESKTOP = undefined
# environment
VSCODE_AMD_ENTRYPOINT = vs/workbench/services/extensions/node/extensionHostProcess
# environment
HOME = /Users/plakhota
# default
MAKEFILEPATH := /Applications/Xcode.app/Contents/Developer/Makefiles
# environment
VSCODE_CLI = 1
# environment
VSCODE_CODE_CACHE_PATH = /Users/plakhota/Library/Application Support/Code/CachedData/379476f0e13988d90fab105c5c19e7abc8b1dea8
# environment
LOGNAME = plakhota
# environment
APPLICATION_INSIGHTS_NO_DIAGNOSTIC_CHANNEL = true
# makefile (from `makefile', line 6)
HEADERS = $(SOURCES:.c=.h)  mmn14_types.h
# environment
VSCODE_HANDLES_UNCAUGHT_ERRORS = true
# automatic
^D = $(patsubst %/,%,$(dir $^))
# environment
XPC_FLAGS = 0x0
# default
MAKE = $(MAKE_COMMAND)
# default
MAKECMDGOALS := all
# environment
SHLVL = 3
# makefile (from `makefile', line 1)
CC = gcc
# default
MAKE_VERSION := 3.81
# environment
USER = plakhota
# makefile
.DEFAULT_GOAL := all
# makefile (from `makefile', line 2)
CCFLAGS = -pedantic -Wall -DNDEBUG
# environment
TERM_SESSION_ID = 4399BEC5-07EB-4455-A053-EB105A3A572C
# automatic
%D = $(patsubst %/,%,$(dir $%))
# default
MAKE_COMMAND := /Applications/Xcode.app/Contents/Developer/usr/bin/make
# environment
TERM_PROGRAM = Apple_Terminal
# default
.VARIABLES := 
# environment
TMPDIR = /var/folders/m4/ngb7rcsx49346lh0jfqy9f3r0000gn/T/
# automatic
*F = $(notdir $*)
# environment
VSCODE_IPC_HOOK = /Users/plakhota/Library/Application Support/Code/1.59.0-main.sock
# makefile
MAKEFLAGS = Rrqp
# environment
MFLAGS = -Rrqp
# automatic
*D = $(patsubst %/,%,$(dir $*))
# environment
TERM_PROGRAM_VERSION = 440
# environment
XPC_SERVICE_NAME = 0
# automatic
+D = $(patsubst %/,%,$(dir $+))
# automatic
+F = $(notdir $+)
# environment
__CF_USER_TEXT_ENCODING = 0x1F5:0x0:0x0
# environment
COMMAND_MODE = unix2003
# default
MAKEFILES := 
# environment
VSCODE_BROWSER_CODE_LOADING = bypassHeatCheck
# automatic
<F = $(notdir $<)
# makefile (from `makefile', line 9)
EXECUTABLE = assembler
# makefile (from `makefile', line 8)
OBJDIR = obj
# environment
LC_ALL = C
# automatic
^F = $(notdir $^)
# default
SUFFIXES := 
# default
.INCLUDE_DIRS = /usr/local/include
# environment
MAKELEVEL := 0
# makefile (from `makefile', line 7)
OBJECTS = $(SOURCES:.c=.o)
# environment
LANG = C
# environment
TERM = xterm-256color
# environment
VSCODE_PID = 26455
# variable set hash-table stats:
# Load=79/1024=8%, Rehash=0, Collisions=1/117=1%

# Pattern-specific Variable Values

# No pattern-specific variable values.

# Directories

# . (device 16777222, inode 2506842): 21 files, no impossibilities.

# 21 files, no impossibilities in 1 directories.

# Implicit Rules

%.o: %.c assembler.h dll.h dvec.h file.h parser.h ram.h sym_tab.h  mmn14_types.h
#  commands to execute (from `makefile', line 25):
	$(CC) $(CCFLAGS) -ansi -c $<
	

# 1 implicit rules, 0 (0.0%) terminal.

# Files

# Not a target:
assembler.h:
#  Implicit rule search has been done.
#  Last modified 2021-08-05 19:20:49
#  File has been updated.
#  Successfully updated.
# variable set hash-table stats:
# Load=0/32=0%, Rehash=0, Collisions=0/0=0%

# Not a target:
parser.h:
#  Implicit rule search has been done.
#  Last modified 2021-08-16 01:18:48
#  File has been updated.
#  Successfully updated.
# variable set hash-table stats:
# Load=0/32=0%, Rehash=0, Collisions=0/0=0%

all: assembler
#  Command-line target.
#  Implicit rule search has been done.
#  File does not exist.
#  File has been updated.
#  Needs to be updated (-q is set).
# variable set hash-table stats:
# Load=0/32=0%, Rehash=0, Collisions=0/4=0%

# Not a target:
dll.o:
#  Implicit rule search has not been done.
#  Modification time never checked.
 
#  File has not been updated.

.PHONY: clean
#  Implicit rule search has not been done.
#  Modification time never checked.
#  File has not been updated.
#  commands to execute (from `makefile', line 28):
	

# Not a target:
sym_tab.h:
#  Implicit rule search has been done.
#  Last modified 2021-08-08 19:43:09
#  File has been updated.
#  Successfully updated.
# variable set hash-table stats:
# Load=0/32=0%, Rehash=0, Collisions=0/0=0%

# Not a target:
.SUFFIXES:
#  Implicit rule search has not been done.
#  Modification time never checked.
#  File has not been updated.

debug: assembler
#  Implicit rule search has not been done.
#  Modification time never checked.
#  File has not been updated.
# makefile (from `makefile', line 18)
# CCFLAGS = $(DEBUGCCFLAGS)
# variable set hash-table stats:
# Load=1/32=3%, Rehash=0, Collisions=0/1=0%

# Not a target:
dvec.h:
#  Implicit rule search has been done.
#  Last modified 2021-08-14 14:26:59
#  File has been updated.
#  Successfully updated.
# variable set hash-table stats:
# Load=0/32=0%, Rehash=0, Collisions=0/0=0%

# Not a target:
ram.o:
#  Implicit rule search has not been done.
#  Modification time never checked.
#  File has not been updated.

# Not a target:
makefile:
#  Implicit rule search has been done.
#  Last modified 2021-08-16 09:09:43
#  File has been updated.
#  Successfully updated.
# variable set hash-table stats:
# Load=0/32=0%, Rehash=0, Collisions=0/0=0%

# Not a target:
mmn14_types.h:
#  Implicit rule search has been done.
#  Last modified 2021-08-13 12:39:55
#  File has been updated.
#  Successfully updated.
# variable set hash-table stats:
# Load=0/32=0%, Rehash=0, Collisions=0/0=0%

# Not a target:
file.o:
#  Implicit rule search has not been done.
#  Modification time never checked.
#  File has not been updated.

assembler.o: assembler.c assembler.h dll.h dvec.h file.h parser.h ram.h sym_tab.h mmn14_types.h
#  Implicit rule search has been done.
#  Implicit/static pattern stem: `assembler'
#  File does not exist.
#  File has been updated.
#  Needs to be updated (-q is set).
# automatic
# @ := assembler.o
# automatic
# % := 
# automatic
# * := assembler
# automatic
# + := assembler.c assembler.h dll.h dvec.h file.h parser.h ram.h sym_tab.h mmn14_types.h
# automatic
# | := 
# automatic
# < := assembler.c
# automatic
# ^ := assembler.c assembler.h dll.h dvec.h file.h parser.h ram.h sym_tab.h mmn14_types.h
# automatic
# ? := assembler.c assembler.h dll.h dvec.h file.h parser.h ram.h sym_tab.h mmn14_types.h
# variable set hash-table stats:
# Load=8/32=25%, Rehash=0, Collisions=1/13=8%
#  commands to execute (from `makefile', line 25):
	$(CC) $(CCFLAGS) -ansi -c $<
	

assembler: assembler.o dll.o dvec.o file.o parser.o ram.o sym_tab.o
#  Implicit rule search has not been done.
#  File does not exist.
#  File has been updated.
#  Needs to be updated (-q is set).
# variable set hash-table stats:
# Load=0/32=0%, Rehash=0, Collisions=0/4=0%
#  commands to execute (from `makefile', line 22):
	$(CC) $(CCFLAGS) -o $@ $^
	

# Not a target:
parser.o:
#  Implicit rule search has not been done.
#  Modification time never checked.
#  File has not been updated.

# Not a target:
.DEFAULT:
#  Implicit rule search has not been done.
#  Modification time never checked.
#  File has not been updated.

# Not a target:
dll.h:
#  Implicit rule search has been done.
#  Last modified 2021-08-05 19:20:49
#  File has been updated.
#  Successfully updated.
# variable set hash-table stats:
# Load=0/32=0%, Rehash=0, Collisions=0/0=0%

clean:
#  Phony target (prerequisite of .PHONY).
#  Implicit rule search has not been done.
#  File does not exist.
#  File has not been updated.
#  commands to execute (from `makefile', line 30):
	rm *.o assembler
	

# Not a target:
sym_tab.o:
#  Implicit rule search has not been done.
#  Modification time never checked.
#  File has not been updated.

# Not a target:
ram.h:
#  Implicit rule search has been done.
#  Last modified 2021-08-08 19:42:43
#  File has been updated.
#  Successfully updated.
# variable set hash-table stats:
# Load=0/32=0%, Rehash=0, Collisions=0/0=0%

# Not a target:
 
dvec.o:
#  Implicit rule search has not been done.
#  Modification time never checked.
#  File has not been updated.

# Not a target:
assembler.c:
#  Implicit rule search has been done.
#  Last modified 2021-08-12 00:54:21
#  File has been updated.
#  Successfully updated.
# variable set hash-table stats:
# Load=0/32=0%, Rehash=0, Collisions=0/0=0%

# Not a target:
file.h:
#  Implicit rule search has been done.
#  Last modified 2021-08-12 00:54:21
#  File has been updated.
#  Successfully updated.
# variable set hash-table stats:
# Load=0/32=0%, Rehash=0, Collisions=0/0=0%

# files hash-table stats:
# Load=24/1024=2%, Rehash=0, Collisions=1/68=1%
# VPATH Search Paths

# No `vpath' search paths.

# No general (`VPATH' variable) search path.

# # of strings in strcache: 1
# # of strcache buffers: 1
# strcache size: total = 4096 / max = 4096 / min = 4096 / avg = 4096
# strcache free: total = 4087 / max = 4087 / min = 4087 / avg = 4087

# Finished Make data base on Mon Aug 16 21:25:47 2021

 
